<?xml version="1.0" encoding="UTF-8"?>
<!-- Generated by org.testng.reporters.JUnitReportReporter -->
<testsuite hostname="name" failures="0" tests="4" name="demo.FirstTry" time="0.008" errors="0" timestamp="2023-03-29T13:33:09 IST" skipped="0">
  <testcase classname="demo.FirstTry" name="fourthTestCase" time="0.003"/>
  <system-out/>
  <testcase classname="demo.FirstTry" name="secondTestCase" time="0.002"/>
  <system-out/>
  <testcase classname="demo.FirstTry" name="firstTestCase" time="0.002"/>
  <system-out/>
  <testcase classname="demo.FirstTry" name="thirdTestCase" time="0.001"/>
  <system-out/>
</testsuite> <!-- demo.FirstTry -->
