<?xml version="1.0" encoding="UTF-8"?>
<!-- Generated by org.testng.reporters.JUnitReportReporter -->
<testsuite hostname="name" failures="0" tests="6" name="demo.SkipATestCase" time="0.031" errors="0" timestamp="2023-04-01T19:45:26 IST" skipped="0">
  <testcase classname="demo.SkipATestCase" name="startTheCar" time="0.010"/>
  <system-out/>
  <testcase classname="demo.SkipATestCase" name="putFirstGear" time="0.003"/>
  <system-out/>
  <testcase classname="demo.SkipATestCase" name="putSecondGear" time="0.003"/>
  <system-out/>
  <testcase classname="demo.SkipATestCase" name="putThirdGear" time="0.002"/>
  <system-out/>
  <testcase classname="demo.SkipATestCase" name="putFourthGear" time="0.008"/>
  <system-out/>
  <testcase classname="demo.SkipATestCase" name="turnTheMuicOn" time="0.005"/>
  <system-out/>
</testsuite> <!-- demo.SkipATestCase -->
