<?xml version="1.0" encoding="UTF-8"?>
<!-- Generated by org.testng.reporters.JUnitReportReporter -->
<testsuite hostname="name" failures="0" tests="3" name="demo.DependanciesManagement" time="0.011" errors="0" timestamp="2023-03-29T13:33:09 IST" skipped="0">
  <testcase classname="demo.DependanciesManagement" name="highSchool" time="0.009"/>
  <system-out/>
  <testcase classname="demo.DependanciesManagement" name="higherSecondary" time="0.001"/>
  <system-out/>
  <testcase classname="demo.DependanciesManagement" name="engineering" time="0.001"/>
  <system-out/>
</testsuite> <!-- demo.DependanciesManagement -->
