<?xml version="1.0" encoding="UTF-8"?>
<!-- Generated by org.testng.reporters.JUnitReportReporter -->
<testsuite hostname="name" failures="0" tests="5" name="demo.Priority" time="0.006" errors="0" timestamp="2023-03-29T13:33:09 IST" skipped="0">
  <testcase classname="demo.Priority" name="startTheCar" time="0.002"/>
  <system-out/>
  <testcase classname="demo.Priority" name="putFirstGear" time="0.002"/>
  <system-out/>
  <testcase classname="demo.Priority" name="putSecondGear" time="0.000"/>
  <system-out/>
  <testcase classname="demo.Priority" name="putThirdGear" time="0.001"/>
  <system-out/>
  <testcase classname="demo.Priority" name="putFourthGear" time="0.001"/>
  <system-out/>
</testsuite> <!-- demo.Priority -->
